This file contains any messages produced by compilers while
running configure, to aid debugging if configure makes a mistake.

It was created by less configure 1, which was
generated by GNU Autoconf 2.71.  Invocation command line was

  $ ./configure

## --------- ##
## Platform. ##
## --------- ##

hostname = liam-AW
uname -m = x86_64
uname -r = 5.15.0-89-generic
uname -s = Linux
uname -v = #99-Ubuntu SMP Mon Oct 30 20:42:41 UTC 2023

/usr/bin/uname -p = x86_64
/bin/uname -X     = unknown

/bin/arch              = x86_64
/usr/bin/arch -k       = unknown
/usr/convex/getsysinfo = unknown
/usr/bin/hostinfo      = unknown
/bin/machine           = unknown
/usr/bin/oslevel       = unknown
/bin/universe          = unknown

PATH: /home/liam/miniconda3/condabin/
PATH: /home/liam/.cargo/bin/
PATH: /usr/local/sbin/
PATH: /usr/local/bin/
PATH: /usr/sbin/
PATH: /usr/bin/
PATH: /sbin/
PATH: /bin/
PATH: /usr/games/
PATH: /usr/local/games/
PATH: /snap/bin/
PATH: /home/liam/lib/
PATH: /home/liam/.local/bin/
PATH: /home/liam/Workspace/tenbeauty/ROM_analysis_pipeline/binvox/
PATH: /home/liam/MATLAB/R2022b/
PATH: /home/liam/workstation_config/src/fzf/bin/
PATH: /home/liam/.antigen/bundles/robbyrussell/oh-my-zsh/lib/
PATH: /home/liam/.antigen/bundles/esc/conda-zsh-completion/
PATH: /home/liam/.antigen/bundles/robbyrussell/oh-my-zsh/plugins/git/
PATH: /home/liam/.antigen/bundles/robbyrussell/oh-my-zsh/plugins/heroku/
PATH: /home/liam/.antigen/bundles/robbyrussell/oh-my-zsh/plugins/pip/
PATH: /home/liam/.antigen/bundles/robbyrussell/oh-my-zsh/plugins/lein/
PATH: /home/liam/.antigen/bundles/robbyrussell/oh-my-zsh/plugins/command-not-found/
PATH: /home/liam/.antigen/bundles/zsh-users/zsh-autosuggestions/
PATH: /home/liam/.antigen/bundles/Aloxaf/fzf-tab/
PATH: /home/liam/.antigen/bundles/NullSense/fuzzy-sys/
PATH: /home/liam/.antigen/bundles/lukechilds/zsh-better-npm-completion/
PATH: /home/liam/.antigen/bundles/zdharma-continuum/fast-syntax-highlighting/


## ----------- ##
## Core tests. ##
## ----------- ##

configure:2401: looking for aux files: install-sh
configure:2414:  trying ./
configure:2428:   ./install.sh found
configure:2621: checking for gcc
configure:2642: found /usr/bin/gcc
configure:2653: result: gcc
configure:3006: checking for C compiler version
configure:3015: gcc --version >&5
gcc (Ubuntu 11.4.0-1ubuntu1~22.04) 11.4.0
Copyright (C) 2021 Free Software Foundation, Inc.
This is free software; see the source for copying conditions.  There is NO
warranty; not even for MERCHANTABILITY or FITNESS FOR A PARTICULAR PURPOSE.

configure:3026: $? = 0
configure:3015: gcc -v >&5
Using built-in specs.
COLLECT_GCC=gcc
COLLECT_LTO_WRAPPER=/usr/lib/gcc/x86_64-linux-gnu/11/lto-wrapper
OFFLOAD_TARGET_NAMES=nvptx-none:amdgcn-amdhsa
OFFLOAD_TARGET_DEFAULT=1
Target: x86_64-linux-gnu
Configured with: ../src/configure -v --with-pkgversion='Ubuntu 11.4.0-1ubuntu1~22.04' --with-bugurl=file:///usr/share/doc/gcc-11/README.Bugs --enable-languages=c,ada,c++,go,brig,d,fortran,objc,obj-c++,m2 --prefix=/usr --with-gcc-major-version-only --program-suffix=-11 --program-prefix=x86_64-linux-gnu- --enable-shared --enable-linker-build-id --libexecdir=/usr/lib --without-included-gettext --enable-threads=posix --libdir=/usr/lib --enable-nls --enable-bootstrap --enable-clocale=gnu --enable-libstdcxx-debug --enable-libstdcxx-time=yes --with-default-libstdcxx-abi=new --enable-gnu-unique-object --disable-vtable-verify --enable-plugin --enable-default-pie --with-system-zlib --enable-libphobos-checking=release --with-target-system-zlib=auto --enable-objc-gc=auto --enable-multiarch --disable-werror --enable-cet --with-arch-32=i686 --with-abi=m64 --with-multilib-list=m32,m64,mx32 --enable-multilib --with-tune=generic --enable-offload-targets=nvptx-none=/build/gcc-11-XeT9lY/gcc-11-11.4.0/debian/tmp-nvptx/usr,amdgcn-amdhsa=/build/gcc-11-XeT9lY/gcc-11-11.4.0/debian/tmp-gcn/usr --without-cuda-driver --enable-checking=release --build=x86_64-linux-gnu --host=x86_64-linux-gnu --target=x86_64-linux-gnu --with-build-config=bootstrap-lto-lean --enable-link-serialization=2
Thread model: posix
Supported LTO compression algorithms: zlib zstd
gcc version 11.4.0 (Ubuntu 11.4.0-1ubuntu1~22.04) 
... rest of stderr output deleted ...
configure:3026: $? = 0
configure:3015: gcc -V >&5
gcc: error: unrecognized command-line option '-V'
gcc: fatal error: no input files
compilation terminated.
configure:3026: $? = 1
configure:3015: gcc -qversion >&5
gcc: error: unrecognized command-line option '-qversion'; did you mean '--version'?
gcc: fatal error: no input files
compilation terminated.
configure:3026: $? = 1
configure:3015: gcc -version >&5
gcc: error: unrecognized command-line option '-version'
gcc: fatal error: no input files
compilation terminated.
configure:3026: $? = 1
configure:3046: checking whether the C compiler works
configure:3068: gcc    conftest.c  >&5
configure:3072: $? = 0
configure:3122: result: yes
configure:3125: checking for C compiler default output file name
configure:3127: result: a.out
configure:3133: checking for suffix of executables
configure:3140: gcc -o conftest    conftest.c  >&5
configure:3144: $? = 0
configure:3167: result: 
configure:3189: checking whether we are cross compiling
configure:3197: gcc -o conftest    conftest.c  >&5
configure:3201: $? = 0
configure:3208: ./conftest
configure:3212: $? = 0
configure:3227: result: no
configure:3232: checking for suffix of object files
configure:3255: gcc -c   conftest.c >&5
configure:3259: $? = 0
configure:3281: result: o
configure:3285: checking whether the compiler supports GNU C
configure:3305: gcc -c   conftest.c >&5
configure:3305: $? = 0
configure:3315: result: yes
configure:3326: checking whether gcc accepts -g
configure:3347: gcc -c -g  conftest.c >&5
configure:3347: $? = 0
configure:3391: result: yes
configure:3411: checking for gcc option to enable C11 features
configure:3426: gcc  -c -g -O2  conftest.c >&5
configure:3426: $? = 0
configure:3444: result: none needed
configure:3555: checking for library containing strerror
configure:3585: gcc -o conftest -g -O2   conftest.c  >&5
configure:3585: $? = 0
configure:3605: result: none required
configure:3619: checking how to run the C preprocessor
configure:3645: gcc -E  conftest.c
configure:3645: $? = 0
configure:3660: gcc -E  conftest.c
conftest.c:9:10: fatal error: ac_nonexistent.h: No such file or directory
    9 | #include <ac_nonexistent.h>
      |          ^~~~~~~~~~~~~~~~~~
compilation terminated.
configure:3660: $? = 1
configure: failed program was:
| /* confdefs.h */
| #define PACKAGE_NAME "less"
| #define PACKAGE_TARNAME "less"
| #define PACKAGE_VERSION "1"
| #define PACKAGE_STRING "less 1"
| #define PACKAGE_BUGREPORT ""
| #define PACKAGE_URL ""
| /* end confdefs.h.  */
| #include <ac_nonexistent.h>
configure:3687: result: gcc -E
configure:3701: gcc -E  conftest.c
configure:3701: $? = 0
configure:3716: gcc -E  conftest.c
conftest.c:9:10: fatal error: ac_nonexistent.h: No such file or directory
    9 | #include <ac_nonexistent.h>
      |          ^~~~~~~~~~~~~~~~~~
compilation terminated.
configure:3716: $? = 1
configure: failed program was:
| /* confdefs.h */
| #define PACKAGE_NAME "less"
| #define PACKAGE_TARNAME "less"
| #define PACKAGE_VERSION "1"
| #define PACKAGE_STRING "less 1"
| #define PACKAGE_BUGREPORT ""
| #define PACKAGE_URL ""
| /* end confdefs.h.  */
| #include <ac_nonexistent.h>
configure:3747: checking for grep that handles long lines and -e
configure:3811: result: /usr/bin/grep
configure:3816: checking for egrep
configure:3884: result: /usr/bin/grep -E
configure:3890: checking whether gcc needs -traditional
configure:3927: result: no
configure:3950: checking for a BSD-compatible install
configure:4023: result: /usr/bin/install -c
configure:4044: checking for special C compiler options needed for large files
configure:4092: result: no
configure:4098: checking for _FILE_OFFSET_BITS value needed for large files
configure:4124: gcc -c -g -O2  conftest.c >&5
configure:4124: $? = 0
configure:4158: result: no
configure:4242: checking for tgoto in -ltinfo
configure:4265: gcc -o conftest -g -O2   conftest.c -ltinfo   >&5
configure:4265: $? = 0
configure:4275: result: yes
configure:4284: checking for tgoto in -ltinfow
configure:4307: gcc -o conftest -g -O2   conftest.c -ltinfow   >&5
/usr/bin/ld: cannot find -ltinfow: No such file or directory
collect2: error: ld returned 1 exit status
configure:4307: $? = 1
configure: failed program was:
| /* confdefs.h */
| #define PACKAGE_NAME "less"
| #define PACKAGE_TARNAME "less"
| #define PACKAGE_VERSION "1"
| #define PACKAGE_STRING "less 1"
| #define PACKAGE_BUGREPORT ""
| #define PACKAGE_URL ""
| /* end confdefs.h.  */
| 
| /* Override any GCC internal prototype to avoid an error.
|    Use char because int might match the return type of a GCC
|    builtin and then its argument prototype would still apply.  */
| char tgoto ();
| int
| main (void)
| {
| return tgoto ();
|   ;
|   return 0;
| }
configure:4317: result: no
configure:4326: checking for initscr in -lxcurses
configure:4349: gcc -o conftest -g -O2   conftest.c -lxcurses   >&5
/usr/bin/ld: cannot find -lxcurses: No such file or directory
collect2: error: ld returned 1 exit status
configure:4349: $? = 1
configure: failed program was:
| /* confdefs.h */
| #define PACKAGE_NAME "less"
| #define PACKAGE_TARNAME "less"
| #define PACKAGE_VERSION "1"
| #define PACKAGE_STRING "less 1"
| #define PACKAGE_BUGREPORT ""
| #define PACKAGE_URL ""
| /* end confdefs.h.  */
| 
| /* Override any GCC internal prototype to avoid an error.
|    Use char because int might match the return type of a GCC
|    builtin and then its argument prototype would still apply.  */
| char initscr ();
| int
| main (void)
| {
| return initscr ();
|   ;
|   return 0;
| }
configure:4359: result: no
configure:4368: checking for initscr in -lncursesw
configure:4391: gcc -o conftest -g -O2   conftest.c -lncursesw   >&5
configure:4391: $? = 0
configure:4401: result: yes
configure:4410: checking for initscr in -lncurses
configure:4433: gcc -o conftest -g -O2   conftest.c -lncurses   >&5
configure:4433: $? = 0
configure:4443: result: yes
configure:4452: checking for initscr in -lcurses
configure:4475: gcc -o conftest -g -O2   conftest.c -lcurses   >&5
configure:4475: $? = 0
configure:4485: result: yes
configure:4494: checking for tgetent in -ltermcap
configure:4517: gcc -o conftest -g -O2   conftest.c -ltermcap   >&5
configure:4517: $? = 0
configure:4527: result: yes
configure:4536: checking for tgetent in -ltermlib
configure:4559: gcc -o conftest -g -O2   conftest.c -ltermlib   >&5
/usr/bin/ld: cannot find -ltermlib: No such file or directory
collect2: error: ld returned 1 exit status
configure:4559: $? = 1
configure: failed program was:
| /* confdefs.h */
| #define PACKAGE_NAME "less"
| #define PACKAGE_TARNAME "less"
| #define PACKAGE_VERSION "1"
| #define PACKAGE_STRING "less 1"
| #define PACKAGE_BUGREPORT ""
| #define PACKAGE_URL ""
| /* end confdefs.h.  */
| 
| /* Override any GCC internal prototype to avoid an error.
|    Use char because int might match the return type of a GCC
|    builtin and then its argument prototype would still apply.  */
| char tgetent ();
| int
| main (void)
| {
| return tgetent ();
|   ;
|   return 0;
| }
configure:4569: result: no
configure:4580: checking for library containing regcmp
configure:4610: gcc -o conftest -g -O2   conftest.c  >&5
/usr/bin/ld: /tmp/ccI6vwsO.o: in function `main':
/home/liam/workstation_config/src/less-643/conftest.c:17: undefined reference to `regcmp'
collect2: error: ld returned 1 exit status
configure:4610: $? = 1
configure: failed program was:
| /* confdefs.h */
| #define PACKAGE_NAME "less"
| #define PACKAGE_TARNAME "less"
| #define PACKAGE_VERSION "1"
| #define PACKAGE_STRING "less 1"
| #define PACKAGE_BUGREPORT ""
| #define PACKAGE_URL ""
| /* end confdefs.h.  */
| 
| /* Override any GCC internal prototype to avoid an error.
|    Use char because int might match the return type of a GCC
|    builtin and then its argument prototype would still apply.  */
| char regcmp ();
| int
| main (void)
| {
| return regcmp ();
|   ;
|   return 0;
| }
configure:4610: gcc -o conftest -g -O2   conftest.c -lgen   >&5
/usr/bin/ld: cannot find -lgen: No such file or directory
collect2: error: ld returned 1 exit status
configure:4610: $? = 1
configure: failed program was:
| /* confdefs.h */
| #define PACKAGE_NAME "less"
| #define PACKAGE_TARNAME "less"
| #define PACKAGE_VERSION "1"
| #define PACKAGE_STRING "less 1"
| #define PACKAGE_BUGREPORT ""
| #define PACKAGE_URL ""
| /* end confdefs.h.  */
| 
| /* Override any GCC internal prototype to avoid an error.
|    Use char because int might match the return type of a GCC
|    builtin and then its argument prototype would still apply.  */
| char regcmp ();
| int
| main (void)
| {
| return regcmp ();
|   ;
|   return 0;
| }
configure:4610: gcc -o conftest -g -O2   conftest.c -lintl   >&5
/usr/bin/ld: cannot find -lintl: No such file or directory
collect2: error: ld returned 1 exit status
configure:4610: $? = 1
configure: failed program was:
| /* confdefs.h */
| #define PACKAGE_NAME "less"
| #define PACKAGE_TARNAME "less"
| #define PACKAGE_VERSION "1"
| #define PACKAGE_STRING "less 1"
| #define PACKAGE_BUGREPORT ""
| #define PACKAGE_URL ""
| /* end confdefs.h.  */
| 
| /* Override any GCC internal prototype to avoid an error.
|    Use char because int might match the return type of a GCC
|    builtin and then its argument prototype would still apply.  */
| char regcmp ();
| int
| main (void)
| {
| return regcmp ();
|   ;
|   return 0;
| }
configure:4610: gcc -o conftest -g -O2   conftest.c -lPW   >&5
/usr/bin/ld: cannot find -lPW: No such file or directory
collect2: error: ld returned 1 exit status
configure:4610: $? = 1
configure: failed program was:
| /* confdefs.h */
| #define PACKAGE_NAME "less"
| #define PACKAGE_TARNAME "less"
| #define PACKAGE_VERSION "1"
| #define PACKAGE_STRING "less 1"
| #define PACKAGE_BUGREPORT ""
| #define PACKAGE_URL ""
| /* end confdefs.h.  */
| 
| /* Override any GCC internal prototype to avoid an error.
|    Use char because int might match the return type of a GCC
|    builtin and then its argument prototype would still apply.  */
| char regcmp ();
| int
| main (void)
| {
| return regcmp ();
|   ;
|   return 0;
| }
configure:4630: result: no
configure:4645: checking for stdio.h
configure:4645: gcc -c -g -O2  conftest.c >&5
configure:4645: $? = 0
configure:4645: result: yes
configure:4645: checking for stdlib.h
configure:4645: gcc -c -g -O2  conftest.c >&5
configure:4645: $? = 0
configure:4645: result: yes
configure:4645: checking for string.h
configure:4645: gcc -c -g -O2  conftest.c >&5
configure:4645: $? = 0
configure:4645: result: yes
configure:4645: checking for inttypes.h
configure:4645: gcc -c -g -O2  conftest.c >&5
configure:4645: $? = 0
configure:4645: result: yes
configure:4645: checking for stdint.h
configure:4645: gcc -c -g -O2  conftest.c >&5
configure:4645: $? = 0
configure:4645: result: yes
configure:4645: checking for strings.h
configure:4645: gcc -c -g -O2  conftest.c >&5
configure:4645: $? = 0
configure:4645: result: yes
configure:4645: checking for sys/stat.h
configure:4645: gcc -c -g -O2  conftest.c >&5
configure:4645: $? = 0
configure:4645: result: yes
configure:4645: checking for sys/types.h
configure:4645: gcc -c -g -O2  conftest.c >&5
configure:4645: $? = 0
configure:4645: result: yes
configure:4645: checking for unistd.h
configure:4645: gcc -c -g -O2  conftest.c >&5
configure:4645: $? = 0
configure:4645: result: yes
configure:4645: checking for ctype.h
configure:4645: gcc -c -g -O2  conftest.c >&5
configure:4645: $? = 0
configure:4645: result: yes
configure:4645: checking for errno.h
configure:4645: gcc -c -g -O2  conftest.c >&5
configure:4645: $? = 0
configure:4645: result: yes
configure:4645: checking for fcntl.h
configure:4645: gcc -c -g -O2  conftest.c >&5
configure:4645: $? = 0
configure:4645: result: yes
configure:4645: checking for limits.h
configure:4645: gcc -c -g -O2  conftest.c >&5
configure:4645: $? = 0
configure:4645: result: yes
configure:4645: checking for stdckdint.h
configure:4645: gcc -c -g -O2  conftest.c >&5
conftest.c:50:10: fatal error: stdckdint.h: No such file or directory
   50 | #include <stdckdint.h>
      |          ^~~~~~~~~~~~~
compilation terminated.
configure:4645: $? = 1
configure: failed program was:
| /* confdefs.h */
| #define PACKAGE_NAME "less"
| #define PACKAGE_TARNAME "less"
| #define PACKAGE_VERSION "1"
| #define PACKAGE_STRING "less 1"
| #define PACKAGE_BUGREPORT ""
| #define PACKAGE_URL ""
| #define HAVE_STDIO_H 1
| #define HAVE_STDLIB_H 1
| #define HAVE_STRING_H 1
| #define HAVE_INTTYPES_H 1
| #define HAVE_STDINT_H 1
| #define HAVE_STRINGS_H 1
| #define HAVE_SYS_STAT_H 1
| #define HAVE_SYS_TYPES_H 1
| #define HAVE_UNISTD_H 1
| #define HAVE_CTYPE_H 1
| #define HAVE_ERRNO_H 1
| #define HAVE_FCNTL_H 1
| #define HAVE_LIMITS_H 1
| /* end confdefs.h.  */
| #include <stddef.h>
| #ifdef HAVE_STDIO_H
| # include <stdio.h>
| #endif
| #ifdef HAVE_STDLIB_H
| # include <stdlib.h>
| #endif
| #ifdef HAVE_STRING_H
| # include <string.h>
| #endif
| #ifdef HAVE_INTTYPES_H
| # include <inttypes.h>
| #endif
| #ifdef HAVE_STDINT_H
| # include <stdint.h>
| #endif
| #ifdef HAVE_STRINGS_H
| # include <strings.h>
| #endif
| #ifdef HAVE_SYS_TYPES_H
| # include <sys/types.h>
| #endif
| #ifdef HAVE_SYS_STAT_H
| # include <sys/stat.h>
| #endif
| #ifdef HAVE_UNISTD_H
| # include <unistd.h>
| #endif
| #include <stdckdint.h>
configure:4645: result: no
configure:4645: checking for termcap.h
configure:4645: gcc -c -g -O2  conftest.c >&5
configure:4645: $? = 0
configure:4645: result: yes
configure:4645: checking for ncurses/termcap.h
configure:4645: gcc -c -g -O2  conftest.c >&5
conftest.c:51:10: fatal error: ncurses/termcap.h: No such file or directory
   51 | #include <ncurses/termcap.h>
      |          ^~~~~~~~~~~~~~~~~~~
compilation terminated.
configure:4645: $? = 1
configure: failed program was:
| /* confdefs.h */
| #define PACKAGE_NAME "less"
| #define PACKAGE_TARNAME "less"
| #define PACKAGE_VERSION "1"
| #define PACKAGE_STRING "less 1"
| #define PACKAGE_BUGREPORT ""
| #define PACKAGE_URL ""
| #define HAVE_STDIO_H 1
| #define HAVE_STDLIB_H 1
| #define HAVE_STRING_H 1
| #define HAVE_INTTYPES_H 1
| #define HAVE_STDINT_H 1
| #define HAVE_STRINGS_H 1
| #define HAVE_SYS_STAT_H 1
| #define HAVE_SYS_TYPES_H 1
| #define HAVE_UNISTD_H 1
| #define HAVE_CTYPE_H 1
| #define HAVE_ERRNO_H 1
| #define HAVE_FCNTL_H 1
| #define HAVE_LIMITS_H 1
| #define HAVE_TERMCAP_H 1
| /* end confdefs.h.  */
| #include <stddef.h>
| #ifdef HAVE_STDIO_H
| # include <stdio.h>
| #endif
| #ifdef HAVE_STDLIB_H
| # include <stdlib.h>
| #endif
| #ifdef HAVE_STRING_H
| # include <string.h>
| #endif
| #ifdef HAVE_INTTYPES_H
| # include <inttypes.h>
| #endif
| #ifdef HAVE_STDINT_H
| # include <stdint.h>
| #endif
| #ifdef HAVE_STRINGS_H
| # include <strings.h>
| #endif
| #ifdef HAVE_SYS_TYPES_H
| # include <sys/types.h>
| #endif
| #ifdef HAVE_SYS_STAT_H
| # include <sys/stat.h>
| #endif
| #ifdef HAVE_UNISTD_H
| # include <unistd.h>
| #endif
| #include <ncurses/termcap.h>
configure:4645: result: no
configure:4645: checking for ncursesw/termcap.h
configure:4645: gcc -c -g -O2  conftest.c >&5
configure:4645: $? = 0
configure:4645: result: yes
configure:4645: checking for termio.h
configure:4645: gcc -c -g -O2  conftest.c >&5
configure:4645: $? = 0
configure:4645: result: yes
configure:4645: checking for termios.h
configure:4645: gcc -c -g -O2  conftest.c >&5
configure:4645: $? = 0
configure:4645: result: yes
configure:4645: checking for time.h
configure:4645: gcc -c -g -O2  conftest.c >&5
configure:4645: $? = 0
configure:4645: result: yes
configure:4645: checking for values.h
configure:4645: gcc -c -g -O2  conftest.c >&5
configure:4645: $? = 0
configure:4645: result: yes
configure:4645: checking for linux/magic.h
configure:4645: gcc -c -g -O2  conftest.c >&5
configure:4645: $? = 0
configure:4645: result: yes
configure:4645: checking for sys/ioctl.h
configure:4645: gcc -c -g -O2  conftest.c >&5
configure:4645: $? = 0
configure:4645: result: yes
configure:4645: checking for sys/stream.h
configure:4645: gcc -c -g -O2  conftest.c >&5
conftest.c:58:10: fatal error: sys/stream.h: No such file or directory
   58 | #include <sys/stream.h>
      |          ^~~~~~~~~~~~~~
compilation terminated.
configure:4645: $? = 1
configure: failed program was:
| /* confdefs.h */
| #define PACKAGE_NAME "less"
| #define PACKAGE_TARNAME "less"
| #define PACKAGE_VERSION "1"
| #define PACKAGE_STRING "less 1"
| #define PACKAGE_BUGREPORT ""
| #define PACKAGE_URL ""
| #define HAVE_STDIO_H 1
| #define HAVE_STDLIB_H 1
| #define HAVE_STRING_H 1
| #define HAVE_INTTYPES_H 1
| #define HAVE_STDINT_H 1
| #define HAVE_STRINGS_H 1
| #define HAVE_SYS_STAT_H 1
| #define HAVE_SYS_TYPES_H 1
| #define HAVE_UNISTD_H 1
| #define HAVE_CTYPE_H 1
| #define HAVE_ERRNO_H 1
| #define HAVE_FCNTL_H 1
| #define HAVE_LIMITS_H 1
| #define HAVE_TERMCAP_H 1
| #define HAVE_NCURSESW_TERMCAP_H 1
| #define HAVE_TERMIO_H 1
| #define HAVE_TERMIOS_H 1
| #define HAVE_TIME_H 1
| #define HAVE_VALUES_H 1
| #define HAVE_LINUX_MAGIC_H 1
| #define HAVE_SYS_IOCTL_H 1
| /* end confdefs.h.  */
| #include <stddef.h>
| #ifdef HAVE_STDIO_H
| # include <stdio.h>
| #endif
| #ifdef HAVE_STDLIB_H
| # include <stdlib.h>
| #endif
| #ifdef HAVE_STRING_H
| # include <string.h>
| #endif
| #ifdef HAVE_INTTYPES_H
| # include <inttypes.h>
| #endif
| #ifdef HAVE_STDINT_H
| # include <stdint.h>
| #endif
| #ifdef HAVE_STRINGS_H
| # include <strings.h>
| #endif
| #ifdef HAVE_SYS_TYPES_H
| # include <sys/types.h>
| #endif
| #ifdef HAVE_SYS_STAT_H
| # include <sys/stat.h>
| #endif
| #ifdef HAVE_UNISTD_H
| # include <unistd.h>
| #endif
| #include <sys/stream.h>
configure:4645: result: no
configure:4645: checking for sys/wait.h
configure:4645: gcc -c -g -O2  conftest.c >&5
configure:4645: $? = 0
configure:4645: result: yes
configure:4645: checking for wctype.h
configure:4645: gcc -c -g -O2  conftest.c >&5
configure:4645: $? = 0
configure:4645: result: yes
configure:4690: checking whether stat file-mode macros are broken
configure:4718: gcc -c -g -O2  conftest.c >&5
configure:4718: $? = 0
configure:4726: result: no
configure:4734: checking for an ANSI C-conforming const
configure:4801: gcc -c -g -O2  conftest.c >&5
configure:4801: $? = 0
configure:4809: result: yes
configure:4817: checking for off_t
configure:4817: gcc -c -g -O2  conftest.c >&5
configure:4817: $? = 0
configure:4817: gcc -c -g -O2  conftest.c >&5
conftest.c: In function 'main':
conftest.c:64:20: error: expected expression before ')' token
   64 | if (sizeof ((off_t)))
      |                    ^
configure:4817: $? = 1
configure: failed program was:
| /* confdefs.h */
| #define PACKAGE_NAME "less"
| #define PACKAGE_TARNAME "less"
| #define PACKAGE_VERSION "1"
| #define PACKAGE_STRING "less 1"
| #define PACKAGE_BUGREPORT ""
| #define PACKAGE_URL ""
| #define HAVE_STDIO_H 1
| #define HAVE_STDLIB_H 1
| #define HAVE_STRING_H 1
| #define HAVE_INTTYPES_H 1
| #define HAVE_STDINT_H 1
| #define HAVE_STRINGS_H 1
| #define HAVE_SYS_STAT_H 1
| #define HAVE_SYS_TYPES_H 1
| #define HAVE_UNISTD_H 1
| #define HAVE_CTYPE_H 1
| #define HAVE_ERRNO_H 1
| #define HAVE_FCNTL_H 1
| #define HAVE_LIMITS_H 1
| #define HAVE_TERMCAP_H 1
| #define HAVE_NCURSESW_TERMCAP_H 1
| #define HAVE_TERMIO_H 1
| #define HAVE_TERMIOS_H 1
| #define HAVE_TIME_H 1
| #define HAVE_VALUES_H 1
| #define HAVE_LINUX_MAGIC_H 1
| #define HAVE_SYS_IOCTL_H 1
| #define HAVE_SYS_WAIT_H 1
| #define HAVE_WCTYPE_H 1
| #define STDC_HEADERS 1
| /* end confdefs.h.  */
| #include <stddef.h>
| #ifdef HAVE_STDIO_H
| # include <stdio.h>
| #endif
| #ifdef HAVE_STDLIB_H
| # include <stdlib.h>
| #endif
| #ifdef HAVE_STRING_H
| # include <string.h>
| #endif
| #ifdef HAVE_INTTYPES_H
| # include <inttypes.h>
| #endif
| #ifdef HAVE_STDINT_H
| # include <stdint.h>
| #endif
| #ifdef HAVE_STRINGS_H
| # include <strings.h>
| #endif
| #ifdef HAVE_SYS_TYPES_H
| # include <sys/types.h>
| #endif
| #ifdef HAVE_SYS_STAT_H
| # include <sys/stat.h>
| #endif
| #ifdef HAVE_UNISTD_H
| # include <unistd.h>
| #endif
| int
| main (void)
| {
| if (sizeof ((off_t)))
| 	    return 0;
|   ;
|   return 0;
| }
configure:4817: result: yes
configure:4827: checking for size_t
configure:4827: gcc -c -g -O2  conftest.c >&5
configure:4827: $? = 0
configure:4827: gcc -c -g -O2  conftest.c >&5
conftest.c: In function 'main':
conftest.c:64:21: error: expected expression before ')' token
   64 | if (sizeof ((size_t)))
      |                     ^
configure:4827: $? = 1
configure: failed program was:
| /* confdefs.h */
| #define PACKAGE_NAME "less"
| #define PACKAGE_TARNAME "less"
| #define PACKAGE_VERSION "1"
| #define PACKAGE_STRING "less 1"
| #define PACKAGE_BUGREPORT ""
| #define PACKAGE_URL ""
| #define HAVE_STDIO_H 1
| #define HAVE_STDLIB_H 1
| #define HAVE_STRING_H 1
| #define HAVE_INTTYPES_H 1
| #define HAVE_STDINT_H 1
| #define HAVE_STRINGS_H 1
| #define HAVE_SYS_STAT_H 1
| #define HAVE_SYS_TYPES_H 1
| #define HAVE_UNISTD_H 1
| #define HAVE_CTYPE_H 1
| #define HAVE_ERRNO_H 1
| #define HAVE_FCNTL_H 1
| #define HAVE_LIMITS_H 1
| #define HAVE_TERMCAP_H 1
| #define HAVE_NCURSESW_TERMCAP_H 1
| #define HAVE_TERMIO_H 1
| #define HAVE_TERMIOS_H 1
| #define HAVE_TIME_H 1
| #define HAVE_VALUES_H 1
| #define HAVE_LINUX_MAGIC_H 1
| #define HAVE_SYS_IOCTL_H 1
| #define HAVE_SYS_WAIT_H 1
| #define HAVE_WCTYPE_H 1
| #define STDC_HEADERS 1
| /* end confdefs.h.  */
| #include <stddef.h>
| #ifdef HAVE_STDIO_H
| # include <stdio.h>
| #endif
| #ifdef HAVE_STDLIB_H
| # include <stdlib.h>
| #endif
| #ifdef HAVE_STRING_H
| # include <string.h>
| #endif
| #ifdef HAVE_INTTYPES_H
| # include <inttypes.h>
| #endif
| #ifdef HAVE_STDINT_H
| # include <stdint.h>
| #endif
| #ifdef HAVE_STRINGS_H
| # include <strings.h>
| #endif
| #ifdef HAVE_SYS_TYPES_H
| # include <sys/types.h>
| #endif
| #ifdef HAVE_SYS_STAT_H
| # include <sys/stat.h>
| #endif
| #ifdef HAVE_UNISTD_H
| # include <unistd.h>
| #endif
| int
| main (void)
| {
| if (sizeof ((size_t)))
| 	    return 0;
|   ;
|   return 0;
| }
configure:4827: result: yes
configure:4839: checking for working terminal libraries
configure:4905: gcc -o conftest -g -O2   conftest.c  -ltinfo >&5
configure:4905: $? = 0
configure:5136: result: using -ltinfo
configure:5172: checking for void
configure:5185: gcc -c -g -O2  conftest.c >&5
configure:5185: $? = 0
configure:5187: result: yes
configure:5195: checking for const
configure:5208: gcc -c -g -O2  conftest.c >&5
configure:5208: $? = 0
configure:5210: result: yes
configure:5218: checking for time_t
configure:5231: gcc -c -g -O2  conftest.c >&5
configure:5231: $? = 0
configure:5233: result: yes
configure:5241: checking for st_ino in struct stat
configure:5255: gcc -c -g -O2  conftest.c >&5
configure:5255: $? = 0
configure:5257: result: yes
configure:5265: checking for procfs
configure:5281: gcc -c -g -O2  conftest.c >&5
configure:5281: $? = 0
configure:5283: result: yes
configure:5293: checking for ANSI function prototypes
configure:5306: gcc -c -g -O2  conftest.c >&5
configure:5306: $? = 0
configure:5308: result: yes
configure:5318: checking for fchmod
configure:5318: gcc -o conftest -g -O2   conftest.c  -ltinfo >&5
configure:5318: $? = 0
configure:5318: result: yes
configure:5324: checking for fsync
configure:5324: gcc -o conftest -g -O2   conftest.c  -ltinfo >&5
configure:5324: $? = 0
configure:5324: result: yes
configure:5330: checking for nanosleep
configure:5330: gcc -o conftest -g -O2   conftest.c  -ltinfo >&5
configure:5330: $? = 0
configure:5330: result: yes
configure:5336: checking for poll
configure:5336: gcc -o conftest -g -O2   conftest.c  -ltinfo >&5
configure:5336: $? = 0
configure:5336: result: yes
configure:5342: checking for popen
configure:5342: gcc -o conftest -g -O2   conftest.c  -ltinfo >&5
configure:5342: $? = 0
configure:5342: result: yes
configure:5348: checking for realpath
configure:5348: gcc -o conftest -g -O2   conftest.c  -ltinfo >&5
configure:5348: $? = 0
configure:5348: result: yes
configure:5354: checking for _setjmp
configure:5354: gcc -o conftest -g -O2   conftest.c  -ltinfo >&5
configure:5354: $? = 0
configure:5354: result: yes
configure:5360: checking for sigprocmask
configure:5360: gcc -o conftest -g -O2   conftest.c  -ltinfo >&5
configure:5360: $? = 0
configure:5360: result: yes
configure:5366: checking for sigsetmask
configure:5366: gcc -o conftest -g -O2   conftest.c  -ltinfo >&5
configure:5366: $? = 0
configure:5366: result: yes
configure:5372: checking for snprintf
configure:5372: gcc -o conftest -g -O2   conftest.c  -ltinfo >&5
conftest.c:64:6: warning: conflicting types for built-in function 'snprintf'; expected 'int(char *, long unsigned int,  const char *, ...)' [-Wbuiltin-declaration-mismatch]
   64 | char snprintf ();
      |      ^~~~~~~~
conftest.c:56:1: note: 'snprintf' is declared in header '<stdio.h>'
   55 | #include <limits.h>
   56 | #undef snprintf
configure:5372: $? = 0
configure:5372: result: yes
configure:5378: checking for stat
configure:5378: gcc -o conftest -g -O2   conftest.c  -ltinfo >&5
configure:5378: $? = 0
configure:5378: result: yes
configure:5384: checking for strsignal
configure:5384: gcc -o conftest -g -O2   conftest.c  -ltinfo >&5
configure:5384: $? = 0
configure:5384: result: yes
configure:5390: checking for system
configure:5390: gcc -o conftest -g -O2   conftest.c  -ltinfo >&5
configure:5390: $? = 0
configure:5390: result: yes
configure:5396: checking for ttyname
configure:5396: gcc -o conftest -g -O2   conftest.c  -ltinfo >&5
configure:5396: $? = 0
configure:5396: result: yes
configure:5402: checking for usleep
configure:5402: gcc -o conftest -g -O2   conftest.c  -ltinfo >&5
configure:5402: $? = 0
configure:5402: result: yes
configure:5411: checking for memcpy
configure:5427: gcc -o conftest -g -O2   conftest.c  -ltinfo >&5
conftest.c: In function 'main':
conftest.c:61:1: warning: argument 1 null where non-null expected [-Wnonnull]
   61 | memcpy(0,0,0);
      | ^~~~~~
In file included from /usr/include/features.h:486,
                 from /usr/include/x86_64-linux-gnu/bits/libc-header-start.h:33,
                 from /usr/include/string.h:26,
                 from conftest.c:56:
/usr/include/x86_64-linux-gnu/bits/string_fortified.h:26:1: note: in a call to function 'memcpy' declared 'nonnull'
   26 | __NTH (memcpy (void *__restrict __dest, const void *__restrict __src,
      | ^~~~~
conftest.c:61:1: warning: argument 2 null where non-null expected [-Wnonnull]
   61 | memcpy(0,0,0);
      | ^~~~~~
In file included from /usr/include/features.h:486,
                 from /usr/include/x86_64-linux-gnu/bits/libc-header-start.h:33,
                 from /usr/include/string.h:26,
                 from conftest.c:56:
/usr/include/x86_64-linux-gnu/bits/string_fortified.h:26:1: note: in a call to function 'memcpy' declared 'nonnull'
   26 | __NTH (memcpy (void *__restrict __dest, const void *__restrict __src,
      | ^~~~~
configure:5427: $? = 0
configure:5429: result: yes
configure:5439: checking for strchr
configure:5455: gcc -o conftest -g -O2   conftest.c  -ltinfo >&5
configure:5455: $? = 0
configure:5457: result: yes
configure:5467: checking for strstr
configure:5483: gcc -o conftest -g -O2   conftest.c  -ltinfo >&5
configure:5483: $? = 0
configure:5485: result: yes
configure:5496: checking for tcgetattr
configure:5496: gcc -o conftest -g -O2   conftest.c  -ltinfo >&5
configure:5496: $? = 0
configure:5496: result: yes
configure:5504: checking for fileno
configure:5520: gcc -o conftest -g -O2   conftest.c  -ltinfo >&5
configure:5520: $? = 0
configure:5522: result: yes
configure:5532: checking for strerror
configure:5554: gcc -o conftest -g -O2   conftest.c  -ltinfo >&5
configure:5554: $? = 0
configure:5556: result: yes
configure:5566: checking for sys_errlist
configure:5579: gcc -o conftest -g -O2   conftest.c  -ltinfo >&5
configure:5579: $? = 0
configure:5581: result: yes
configure:5591: checking for sigset_t
configure:5591: gcc -c -g -O2  conftest.c >&5
configure:5591: $? = 0
configure:5591: gcc -c -g -O2  conftest.c >&5
conftest.c: In function 'main':
conftest.c:66:23: error: expected expression before ')' token
   66 | if (sizeof ((sigset_t)))
      |                       ^
configure:5591: $? = 1
configure: failed program was:
| /* confdefs.h */
| #define PACKAGE_NAME "less"
| #define PACKAGE_TARNAME "less"
| #define PACKAGE_VERSION "1"
| #define PACKAGE_STRING "less 1"
| #define PACKAGE_BUGREPORT ""
| #define PACKAGE_URL ""
| #define HAVE_STDIO_H 1
| #define HAVE_STDLIB_H 1
| #define HAVE_STRING_H 1
| #define HAVE_INTTYPES_H 1
| #define HAVE_STDINT_H 1
| #define HAVE_STRINGS_H 1
| #define HAVE_SYS_STAT_H 1
| #define HAVE_SYS_TYPES_H 1
| #define HAVE_UNISTD_H 1
| #define HAVE_CTYPE_H 1
| #define HAVE_ERRNO_H 1
| #define HAVE_FCNTL_H 1
| #define HAVE_LIMITS_H 1
| #define HAVE_TERMCAP_H 1
| #define HAVE_NCURSESW_TERMCAP_H 1
| #define HAVE_TERMIO_H 1
| #define HAVE_TERMIOS_H 1
| #define HAVE_TIME_H 1
| #define HAVE_VALUES_H 1
| #define HAVE_LINUX_MAGIC_H 1
| #define HAVE_SYS_IOCTL_H 1
| #define HAVE_SYS_WAIT_H 1
| #define HAVE_WCTYPE_H 1
| #define STDC_HEADERS 1
| #define HAVE_VOID 1
| #define HAVE_CONST 1
| #define HAVE_TIME_T 1
| #define HAVE_STAT_INO 1
| #define HAVE_PROCFS 1
| #define HAVE_ANSI_PROTOS 1
| #define HAVE_FCHMOD 1
| #define HAVE_FSYNC 1
| #define HAVE_NANOSLEEP 1
| #define HAVE_POLL 1
| #define HAVE_POPEN 1
| #define HAVE_REALPATH 1
| #define HAVE__SETJMP 1
| #define HAVE_SIGPROCMASK 1
| #define HAVE_SIGSETMASK 1
| #define HAVE_SNPRINTF 1
| #define HAVE_STAT 1
| #define HAVE_STRSIGNAL 1
| #define HAVE_SYSTEM 1
| #define HAVE_TTYNAME 1
| #define HAVE_USLEEP 1
| #define HAVE_MEMCPY 1
| #define HAVE_STRCHR 1
| #define HAVE_STRSTR 1
| #define HAVE_TERMIOS_FUNCS 1
| #define HAVE_FILENO 1
| #define HAVE_STRERROR 1
| #define HAVE_SYS_ERRLIST 1
| /* end confdefs.h.  */
| #include <signal.h>
| 
| int
| main (void)
| {
| if (sizeof ((sigset_t)))
| 	    return 0;
|   ;
|   return 0;
| }
configure:5591: result: yes
configure:5602: checking for sigemptyset
configure:5617: gcc -o conftest -g -O2   conftest.c  -ltinfo >&5
configure:5617: $? = 0
configure:5619: result: yes
configure:5630: checking for errno
configure:5646: gcc -o conftest -g -O2   conftest.c  -ltinfo >&5
configure:5646: $? = 0
configure:5648: result: yes - in errno.h
configure:5683: checking for locale
configure:5698: gcc -o conftest -g -O2   conftest.c  -ltinfo >&5
configure:5698: $? = 0
configure:5700: result: yes
configure:5710: checking for ctype functions
configure:5726: gcc -o conftest -g -O2   conftest.c  -ltinfo >&5
configure:5726: $? = 0
configure:5728: result: yes
configure:5738: checking for wctype functions
configure:5751: gcc -o conftest -g -O2   conftest.c  -ltinfo >&5
configure:5751: $? = 0
configure:5753: result: yes
configure:5765: checking termcap for ospeed
configure:5785: gcc -o conftest -g -O2   conftest.c  -ltinfo >&5
configure:5785: $? = 0
configure:5787: result: yes - in termcap.h
configure:5855: checking for POSIX regcomp
configure:5876: gcc -o conftest -g -O2   conftest.c  -ltinfo >&5
configure:5876: $? = 0
configure:5876: ./conftest
configure:5876: $? = 0
configure:5887: result: yes
configure:6139: result: regular expression library:  posix
configure:6264: creating ./config.status

## ---------------------- ##
## Running config.status. ##
## ---------------------- ##

This file was extended by less config.status 1, which was
generated by GNU Autoconf 2.71.  Invocation command line was

  CONFIG_FILES    = 
  CONFIG_HEADERS  = 
  CONFIG_LINKS    = 
  CONFIG_COMMANDS = 
  $ ./config.status 

on liam-AW

config.status:849: creating Makefile
config.status:849: creating defines.h

## ---------------- ##
## Cache variables. ##
## ---------------- ##

ac_cv_c_compiler_gnu=yes
ac_cv_c_const=yes
ac_cv_env_CC_set=
ac_cv_env_CC_value=
ac_cv_env_CFLAGS_set=
ac_cv_env_CFLAGS_value=
ac_cv_env_CPPFLAGS_set=
ac_cv_env_CPPFLAGS_value=
ac_cv_env_CPP_set=
ac_cv_env_CPP_value=
ac_cv_env_LDFLAGS_set=
ac_cv_env_LDFLAGS_value=
ac_cv_env_LIBS_set=
ac_cv_env_LIBS_value=
ac_cv_env_build_alias_set=
ac_cv_env_build_alias_value=
ac_cv_env_host_alias_set=
ac_cv_env_host_alias_value=
ac_cv_env_target_alias_set=
ac_cv_env_target_alias_value=
ac_cv_func__setjmp=yes
ac_cv_func_fchmod=yes
ac_cv_func_fsync=yes
ac_cv_func_nanosleep=yes
ac_cv_func_poll=yes
ac_cv_func_popen=yes
ac_cv_func_realpath=yes
ac_cv_func_sigprocmask=yes
ac_cv_func_sigsetmask=yes
ac_cv_func_snprintf=yes
ac_cv_func_stat=yes
ac_cv_func_strsignal=yes
ac_cv_func_system=yes
ac_cv_func_tcgetattr=yes
ac_cv_func_ttyname=yes
ac_cv_func_usleep=yes
ac_cv_header_ctype_h=yes
ac_cv_header_errno_h=yes
ac_cv_header_fcntl_h=yes
ac_cv_header_inttypes_h=yes
ac_cv_header_limits_h=yes
ac_cv_header_linux_magic_h=yes
ac_cv_header_ncurses_termcap_h=no
ac_cv_header_ncursesw_termcap_h=yes
ac_cv_header_stat_broken=no
ac_cv_header_stdckdint_h=no
ac_cv_header_stdint_h=yes
ac_cv_header_stdio_h=yes
ac_cv_header_stdlib_h=yes
ac_cv_header_string_h=yes
ac_cv_header_strings_h=yes
ac_cv_header_sys_ioctl_h=yes
ac_cv_header_sys_stat_h=yes
ac_cv_header_sys_stream_h=no
ac_cv_header_sys_types_h=yes
ac_cv_header_sys_wait_h=yes
ac_cv_header_termcap_h=yes
ac_cv_header_termio_h=yes
ac_cv_header_termios_h=yes
ac_cv_header_time_h=yes
ac_cv_header_unistd_h=yes
ac_cv_header_values_h=yes
ac_cv_header_wctype_h=yes
ac_cv_lib_curses_initscr=yes
ac_cv_lib_ncurses_initscr=yes
ac_cv_lib_ncursesw_initscr=yes
ac_cv_lib_termcap_tgetent=yes
ac_cv_lib_termlib_tgetent=no
ac_cv_lib_tinfo_tgoto=yes
ac_cv_lib_tinfow_tgoto=no
ac_cv_lib_xcurses_initscr=no
ac_cv_objext=o
ac_cv_path_EGREP='/usr/bin/grep -E'
ac_cv_path_GREP=/usr/bin/grep
ac_cv_path_install='/usr/bin/install -c'
ac_cv_prog_CPP='gcc -E'
ac_cv_prog_ac_ct_CC=gcc
ac_cv_prog_cc_c11=
ac_cv_prog_cc_g=yes
ac_cv_prog_cc_stdc=
ac_cv_prog_gcc_traditional=no
ac_cv_search_regcmp=no
ac_cv_search_strerror='none required'
ac_cv_sys_file_offset_bits=no
ac_cv_sys_largefile_CC=no
ac_cv_type_off_t=yes
ac_cv_type_sigset_t=yes
ac_cv_type_size_t=yes

## ----------------- ##
## Output variables. ##
## ----------------- ##

CC='gcc'
CFLAGS='-g -O2'
CPP='gcc -E'
CPPFLAGS=''
DEFS='-DHAVE_CONFIG_H'
ECHO_C=''
ECHO_N='-n'
ECHO_T=''
EGREP='/usr/bin/grep -E'
EXEEXT=''
GREP='/usr/bin/grep'
INSTALL_DATA='${INSTALL} -m 644'
INSTALL_PROGRAM='${INSTALL}'
INSTALL_SCRIPT='${INSTALL}'
LDFLAGS=''
LIBOBJS=''
LIBS=' -ltinfo'
LTLIBOBJS=''
OBJEXT='o'
PACKAGE_BUGREPORT=''
PACKAGE_NAME='less'
PACKAGE_STRING='less 1'
PACKAGE_TARNAME='less'
PACKAGE_URL=''
PACKAGE_VERSION='1'
PATH_SEPARATOR=':'
REGEX_O=''
SECURE_COMPILE='0'
SHELL='/bin/bash'
ac_ct_CC='gcc'
bindir='${exec_prefix}/bin'
build_alias=''
datadir='${datarootdir}'
datarootdir='${prefix}/share'
docdir='${datarootdir}/doc/${PACKAGE_TARNAME}'
dvidir='${docdir}'
exec_prefix='${prefix}'
host_alias=''
htmldir='${docdir}'
includedir='${prefix}/include'
infodir='${datarootdir}/info'
libdir='${exec_prefix}/lib'
libexecdir='${exec_prefix}/libexec'
localedir='${datarootdir}/locale'
localstatedir='${prefix}/var'
mandir='${datarootdir}/man'
oldincludedir='/usr/include'
pdfdir='${docdir}'
prefix='/usr/local'
program_transform_name='s,x,x,'
psdir='${docdir}'
runstatedir='${localstatedir}/run'
sbindir='${exec_prefix}/sbin'
sharedstatedir='${prefix}/com'
sysconfdir='${prefix}/etc'
target_alias=''

## ----------- ##
## confdefs.h. ##
## ----------- ##

/* confdefs.h */
#define PACKAGE_NAME "less"
#define PACKAGE_TARNAME "less"
#define PACKAGE_VERSION "1"
#define PACKAGE_STRING "less 1"
#define PACKAGE_BUGREPORT ""
#define PACKAGE_URL ""
#define HAVE_STDIO_H 1
#define HAVE_STDLIB_H 1
#define HAVE_STRING_H 1
#define HAVE_INTTYPES_H 1
#define HAVE_STDINT_H 1
#define HAVE_STRINGS_H 1
#define HAVE_SYS_STAT_H 1
#define HAVE_SYS_TYPES_H 1
#define HAVE_UNISTD_H 1
#define HAVE_CTYPE_H 1
#define HAVE_ERRNO_H 1
#define HAVE_FCNTL_H 1
#define HAVE_LIMITS_H 1
#define HAVE_TERMCAP_H 1
#define HAVE_NCURSESW_TERMCAP_H 1
#define HAVE_TERMIO_H 1
#define HAVE_TERMIOS_H 1
#define HAVE_TIME_H 1
#define HAVE_VALUES_H 1
#define HAVE_LINUX_MAGIC_H 1
#define HAVE_SYS_IOCTL_H 1
#define HAVE_SYS_WAIT_H 1
#define HAVE_WCTYPE_H 1
#define STDC_HEADERS 1
#define HAVE_VOID 1
#define HAVE_CONST 1
#define HAVE_TIME_T 1
#define HAVE_STAT_INO 1
#define HAVE_PROCFS 1
#define HAVE_ANSI_PROTOS 1
#define HAVE_FCHMOD 1
#define HAVE_FSYNC 1
#define HAVE_NANOSLEEP 1
#define HAVE_POLL 1
#define HAVE_POPEN 1
#define HAVE_REALPATH 1
#define HAVE__SETJMP 1
#define HAVE_SIGPROCMASK 1
#define HAVE_SIGSETMASK 1
#define HAVE_SNPRINTF 1
#define HAVE_STAT 1
#define HAVE_STRSIGNAL 1
#define HAVE_SYSTEM 1
#define HAVE_TTYNAME 1
#define HAVE_USLEEP 1
#define HAVE_MEMCPY 1
#define HAVE_STRCHR 1
#define HAVE_STRSTR 1
#define HAVE_TERMIOS_FUNCS 1
#define HAVE_FILENO 1
#define HAVE_STRERROR 1
#define HAVE_SYS_ERRLIST 1
#define HAVE_SIGSET_T 1
#define HAVE_SIGEMPTYSET 1
#define HAVE_ERRNO 1
#define HAVE_LOCALE 1
#define HAVE_UPPER_LOWER 1
#define HAVE_WCTYPE 1
#define HAVE_OSPEED 1
#define SECURE_COMPILE 0
#define HAVE_POSIX_REGCOMP 1
#define EDIT_PGM "vi"

configure: exit 0
